Serial
FW,1024,1.3725
GOMP_CPU_AFFINITY=0
Threads: 1

FW_SR,1024,64,0.6628

GOMP_CPU_AFFINITY=0 8
Threads: 2

FW_SR,1024,64,0.6645

GOMP_CPU_AFFINITY=0 8 16 24
Threads: 4

FW_SR,1024,64,0.6618

GOMP_CPU_AFFINITY=0 1 8 9 16 17 24 25
Threads: 8

FW_SR,1024,64,0.6663

GOMP_CPU_AFFINITY=0-3 8-11 16-19 24-27
Threads: 16

FW_SR,1024,64,0.6639

GOMP_CPU_AFFINITY=0-7 8-15 16-23 24-31
Threads: 32

FW_SR,1024,64,0.6620

GOMP_CPU_AFFINITY=0-7 8-15 16-23 24-31
Threads: 64

FW_SR,1024,64,0.6625

Serial
FW,2048,11.2319
GOMP_CPU_AFFINITY=0
Threads: 1

FW_SR,2048,64,5.2151

GOMP_CPU_AFFINITY=0 8
Threads: 2

FW_SR,2048,64,5.1596

GOMP_CPU_AFFINITY=0 8 16 24
Threads: 4

FW_SR,2048,64,5.2084

GOMP_CPU_AFFINITY=0 1 8 9 16 17 24 25
Threads: 8

FW_SR,2048,64,5.1468

GOMP_CPU_AFFINITY=0-3 8-11 16-19 24-27
Threads: 16

FW_SR,2048,64,5.2121

GOMP_CPU_AFFINITY=0-7 8-15 16-23 24-31
Threads: 32

FW_SR,2048,64,5.1396

GOMP_CPU_AFFINITY=0-7 8-15 16-23 24-31
Threads: 64

FW_SR,2048,64,5.2112

Serial
FW,4096,93.2094
GOMP_CPU_AFFINITY=0
Threads: 1

FW_SR,4096,64,44.3028

GOMP_CPU_AFFINITY=0 8
Threads: 2

FW_SR,4096,64,43.1760

GOMP_CPU_AFFINITY=0 8 16 24
Threads: 4

FW_SR,4096,64,43.6548

GOMP_CPU_AFFINITY=0 1 8 9 16 17 24 25
Threads: 8

FW_SR,4096,64,43.9849

GOMP_CPU_AFFINITY=0-3 8-11 16-19 24-27
Threads: 16

FW_SR,4096,64,43.1681

GOMP_CPU_AFFINITY=0-7 8-15 16-23 24-31
Threads: 32

FW_SR,4096,64,43.3284

GOMP_CPU_AFFINITY=0-7 8-15 16-23 24-31
Threads: 64

FW_SR,4096,64,43.6412

