Serial
FW,1024,1.3748
GOMP_CPU_AFFINITY=0
Threads: 1

FW_SR,1024,32,0.8248

GOMP_CPU_AFFINITY=0 8
Threads: 2

FW_SR,1024,32,0.8631

GOMP_CPU_AFFINITY=0 8 16 24
Threads: 4

FW_SR,1024,32,0.8508

GOMP_CPU_AFFINITY=0 1 8 9 16 17 24 25
Threads: 8

FW_SR,1024,32,0.8228

GOMP_CPU_AFFINITY=0-3 8-11 16-19 24-27
Threads: 16

FW_SR,1024,32,0.8234

GOMP_CPU_AFFINITY=0-7 8-15 16-23 24-31
Threads: 32

FW_SR,1024,32,0.8242

GOMP_CPU_AFFINITY=0-7 8-15 16-23 24-31
Threads: 64

FW_SR,1024,32,0.8255

Serial
FW,2048,11.1961
GOMP_CPU_AFFINITY=0
Threads: 1

FW_SR,2048,32,6.5398

GOMP_CPU_AFFINITY=0 8
Threads: 2

FW_SR,2048,32,6.5628

GOMP_CPU_AFFINITY=0 8 16 24
Threads: 4

FW_SR,2048,32,6.5291

GOMP_CPU_AFFINITY=0 1 8 9 16 17 24 25
Threads: 8

FW_SR,2048,32,6.5567

GOMP_CPU_AFFINITY=0-3 8-11 16-19 24-27
Threads: 16

FW_SR,2048,32,6.5614

GOMP_CPU_AFFINITY=0-7 8-15 16-23 24-31
Threads: 32

FW_SR,2048,32,6.5146

GOMP_CPU_AFFINITY=0-7 8-15 16-23 24-31
Threads: 64

FW_SR,2048,32,6.6315

Serial
FW,4096,93.0682
GOMP_CPU_AFFINITY=0
Threads: 1

FW_SR,4096,32,54.9736

GOMP_CPU_AFFINITY=0 8
Threads: 2

FW_SR,4096,32,54.9377

GOMP_CPU_AFFINITY=0 8 16 24
Threads: 4

FW_SR,4096,32,54.8830

GOMP_CPU_AFFINITY=0 1 8 9 16 17 24 25
Threads: 8

FW_SR,4096,32,55.0177

GOMP_CPU_AFFINITY=0-3 8-11 16-19 24-27
Threads: 16

FW_SR,4096,32,55.0837

GOMP_CPU_AFFINITY=0-7 8-15 16-23 24-31
Threads: 32

FW_SR,4096,32,54.9308

GOMP_CPU_AFFINITY=0-7 8-15 16-23 24-31
Threads: 64

FW_SR,4096,32,55.0316

