Serial
FW,1024,1.3768
GOMP_CPU_AFFINITY=0
Threads: 1

FW_SR,1024,128,0.6505

GOMP_CPU_AFFINITY=0 8
Threads: 2

FW_SR,1024,128,0.5353

GOMP_CPU_AFFINITY=0 8 16 24
Threads: 4

FW_SR,1024,128,0.5022

GOMP_CPU_AFFINITY=0 1 8 9 16 17 24 25
Threads: 8

FW_SR,1024,128,0.5443

GOMP_CPU_AFFINITY=0-3 8-11 16-19 24-27
Threads: 16

FW_SR,1024,128,0.6202

GOMP_CPU_AFFINITY=0-7 8-15 16-23 24-31
Threads: 32

FW_SR,1024,128,0.6912

GOMP_CPU_AFFINITY=0-7 8-15 16-23 24-31
Threads: 64

FW_SR,1024,128,0.7806

Serial
FW,2048,11.3516
GOMP_CPU_AFFINITY=0
Threads: 1

FW_SR,2048,128,4.7433

GOMP_CPU_AFFINITY=0 8
Threads: 2

FW_SR,2048,128,3.5823

GOMP_CPU_AFFINITY=0 8 16 24
Threads: 4

FW_SR,2048,128,2.8241

GOMP_CPU_AFFINITY=0 1 8 9 16 17 24 25
Threads: 8

FW_SR,2048,128,2.7874

GOMP_CPU_AFFINITY=0-3 8-11 16-19 24-27
Threads: 16

FW_SR,2048,128,3.0183

GOMP_CPU_AFFINITY=0-7 8-15 16-23 24-31
Threads: 32

FW_SR,2048,128,3.1572

GOMP_CPU_AFFINITY=0-7 8-15 16-23 24-31
Threads: 64

FW_SR,2048,128,3.4906

Serial
FW,4096,93.3355
GOMP_CPU_AFFINITY=0
Threads: 1

FW_SR,4096,128,39.1985

GOMP_CPU_AFFINITY=0 8
Threads: 2

FW_SR,4096,128,26.3543

GOMP_CPU_AFFINITY=0 8 16 24
Threads: 4

FW_SR,4096,128,17.7977

GOMP_CPU_AFFINITY=0 1 8 9 16 17 24 25
Threads: 8

FW_SR,4096,128,14.6096

GOMP_CPU_AFFINITY=0-3 8-11 16-19 24-27
Threads: 16

FW_SR,4096,128,15.2795

GOMP_CPU_AFFINITY=0-7 8-15 16-23 24-31
Threads: 32

FW_SR,4096,128,16.5647

GOMP_CPU_AFFINITY=0-7 8-15 16-23 24-31
Threads: 64

FW_SR,4096,128,21.6251

