
~~~~~~~~~~~~~~~~~~~~~~~~~~~~~~~~~~~~~~~~~~~~~~~~~~~~~~~~~~~~~~~~~~~~~~~~~~~~~~~~

dataset_size = 1024.00 MB    numObjs = 67108864    numCoords = 2    numClusters = 64, block_size = 32


|-------------Naive GPU Kmeans--------------|

t_alloc: 181.944132 ms

t_alloc_gpu: 934.165001 ms

t_get_gpu: 391.684771 ms

nloops = 10  : total = 8974.910021 ms
	-> t_loop_avg = 897.491002 ms
	-> t_loop_min = 730.968952 ms
	-> t_loop_max = 1422.413111 ms
	-> t_cpu_avg = 474.711990 ms
	-> t_gpu_avg = 308.307600 ms
	-> t_transfers_avg = 114.461207 ms

|-------------------------------------------|


~~~~~~~~~~~~~~~~~~~~~~~~~~~~~~~~~~~~~~~~~~~~~~~~~~~~~~~~~~~~~~~~~~~~~~~~~~~~~~~~

dataset_size = 1024.00 MB    numObjs = 67108864    numCoords = 2    numClusters = 64, block_size = 48


|-------------Naive GPU Kmeans--------------|

t_alloc: 180.969000 ms

t_alloc_gpu: 955.476046 ms

t_get_gpu: 407.442093 ms

nloops = 10  : total = 9031.513929 ms
	-> t_loop_avg = 903.151393 ms
	-> t_loop_min = 717.069864 ms
	-> t_loop_max = 1285.043001 ms
	-> t_cpu_avg = 422.642684 ms
	-> t_gpu_avg = 382.011414 ms
	-> t_transfers_avg = 98.490429 ms

|-------------------------------------------|


~~~~~~~~~~~~~~~~~~~~~~~~~~~~~~~~~~~~~~~~~~~~~~~~~~~~~~~~~~~~~~~~~~~~~~~~~~~~~~~~

dataset_size = 1024.00 MB    numObjs = 67108864    numCoords = 2    numClusters = 64, block_size = 64


|-------------Naive GPU Kmeans--------------|

t_alloc: 181.906939 ms

t_alloc_gpu: 915.249825 ms

t_get_gpu: 365.613937 ms

nloops = 10  : total = 7816.476822 ms
	-> t_loop_avg = 781.647682 ms
	-> t_loop_min = 697.594166 ms
	-> t_loop_max = 1053.418875 ms
	-> t_cpu_avg = 393.221664 ms
	-> t_gpu_avg = 282.208753 ms
	-> t_transfers_avg = 106.211042 ms

|-------------------------------------------|


~~~~~~~~~~~~~~~~~~~~~~~~~~~~~~~~~~~~~~~~~~~~~~~~~~~~~~~~~~~~~~~~~~~~~~~~~~~~~~~~

dataset_size = 1024.00 MB    numObjs = 67108864    numCoords = 2    numClusters = 64, block_size = 128


|-------------Naive GPU Kmeans--------------|

t_alloc: 180.499077 ms

t_alloc_gpu: 924.000025 ms

t_get_gpu: 349.564075 ms

nloops = 10  : total = 7804.929972 ms
	-> t_loop_avg = 780.492997 ms
	-> t_loop_min = 619.446039 ms
	-> t_loop_max = 1056.419849 ms
	-> t_cpu_avg = 392.750478 ms
	-> t_gpu_avg = 282.334208 ms
	-> t_transfers_avg = 105.402136 ms

|-------------------------------------------|


~~~~~~~~~~~~~~~~~~~~~~~~~~~~~~~~~~~~~~~~~~~~~~~~~~~~~~~~~~~~~~~~~~~~~~~~~~~~~~~~

dataset_size = 1024.00 MB    numObjs = 67108864    numCoords = 2    numClusters = 64, block_size = 238


|-------------Naive GPU Kmeans--------------|

t_alloc: 182.384968 ms

t_alloc_gpu: 901.257038 ms

t_get_gpu: 376.426935 ms

nloops = 10  : total = 8066.027880 ms
	-> t_loop_avg = 806.602788 ms
	-> t_loop_min = 644.583941 ms
	-> t_loop_max = 1068.835974 ms
	-> t_cpu_avg = 395.588374 ms
	-> t_gpu_avg = 303.593636 ms
	-> t_transfers_avg = 107.414532 ms

|-------------------------------------------|


~~~~~~~~~~~~~~~~~~~~~~~~~~~~~~~~~~~~~~~~~~~~~~~~~~~~~~~~~~~~~~~~~~~~~~~~~~~~~~~~

dataset_size = 1024.00 MB    numObjs = 67108864    numCoords = 2    numClusters = 64, block_size = 512


|-------------Naive GPU Kmeans--------------|

t_alloc: 180.742979 ms

t_alloc_gpu: 927.253962 ms

t_get_gpu: 372.243881 ms

nloops = 10  : total = 7982.615948 ms
	-> t_loop_avg = 798.261595 ms
	-> t_loop_min = 646.057129 ms
	-> t_loop_max = 1101.268053 ms
	-> t_cpu_avg = 408.613634 ms
	-> t_gpu_avg = 288.594413 ms
	-> t_transfers_avg = 101.045775 ms

|-------------------------------------------|


~~~~~~~~~~~~~~~~~~~~~~~~~~~~~~~~~~~~~~~~~~~~~~~~~~~~~~~~~~~~~~~~~~~~~~~~~~~~~~~~

dataset_size = 1024.00 MB    numObjs = 67108864    numCoords = 2    numClusters = 64, block_size = 1024


|-------------Naive GPU Kmeans--------------|

t_alloc: 182.106018 ms

t_alloc_gpu: 946.668863 ms

t_get_gpu: 403.002977 ms

nloops = 10  : total = 7933.787823 ms
	-> t_loop_avg = 793.378782 ms
	-> t_loop_min = 649.919987 ms
	-> t_loop_max = 1033.163786 ms
	-> t_cpu_avg = 408.725095 ms
	-> t_gpu_avg = 285.216999 ms
	-> t_transfers_avg = 99.429107 ms

|-------------------------------------------|


~~~~~~~~~~~~~~~~~~~~~~~~~~~~~~~~~~~~~~~~~~~~~~~~~~~~~~~~~~~~~~~~~~~~~~~~~~~~~~~~

dataset_size = 1024.00 MB    numObjs = 67108864    numCoords = 2    numClusters = 64, block_size = 32


|-----------Transpose GPU Kmeans------------|

t_alloc: 1002.955914 ms

t_alloc_gpu: 1431.905031 ms

t_get_gpu: 300.455093 ms

nloops = 10  : total = 6052.068949 ms
	-> t_loop_avg = 605.206895 ms
	-> t_loop_min = 583.163023 ms
	-> t_loop_max = 783.198833 ms
	-> t_cpu_avg = 224.994087 ms
	-> t_gpu_avg = 306.707430 ms
	-> t_transfers_avg = 73.500013 ms

|-------------------------------------------|


~~~~~~~~~~~~~~~~~~~~~~~~~~~~~~~~~~~~~~~~~~~~~~~~~~~~~~~~~~~~~~~~~~~~~~~~~~~~~~~~

dataset_size = 1024.00 MB    numObjs = 67108864    numCoords = 2    numClusters = 64, block_size = 48


|-----------Transpose GPU Kmeans------------|

t_alloc: 1004.416943 ms

t_alloc_gpu: 1386.960983 ms

t_get_gpu: 302.706003 ms

nloops = 10  : total = 6904.203892 ms
	-> t_loop_avg = 690.420389 ms
	-> t_loop_min = 658.360004 ms
	-> t_loop_max = 860.289812 ms
	-> t_cpu_avg = 227.086973 ms
	-> t_gpu_avg = 381.571579 ms
	-> t_transfers_avg = 81.756663 ms

|-------------------------------------------|


~~~~~~~~~~~~~~~~~~~~~~~~~~~~~~~~~~~~~~~~~~~~~~~~~~~~~~~~~~~~~~~~~~~~~~~~~~~~~~~~

dataset_size = 1024.00 MB    numObjs = 67108864    numCoords = 2    numClusters = 64, block_size = 64


|-----------Transpose GPU Kmeans------------|

t_alloc: 1002.485991 ms

t_alloc_gpu: 1455.663919 ms

t_get_gpu: 296.751022 ms

nloops = 10  : total = 6305.087090 ms
	-> t_loop_avg = 630.508709 ms
	-> t_loop_min = 563.714981 ms
	-> t_loop_max = 727.396965 ms
	-> t_cpu_avg = 260.840178 ms
	-> t_gpu_avg = 286.240029 ms
	-> t_transfers_avg = 83.422208 ms

|-------------------------------------------|


~~~~~~~~~~~~~~~~~~~~~~~~~~~~~~~~~~~~~~~~~~~~~~~~~~~~~~~~~~~~~~~~~~~~~~~~~~~~~~~~

dataset_size = 1024.00 MB    numObjs = 67108864    numCoords = 2    numClusters = 64, block_size = 128


|-----------Transpose GPU Kmeans------------|

t_alloc: 1009.031057 ms

t_alloc_gpu: 1450.659990 ms

t_get_gpu: 298.516989 ms

nloops = 10  : total = 6297.950983 ms
	-> t_loop_avg = 629.795098 ms
	-> t_loop_min = 562.419891 ms
	-> t_loop_max = 816.654921 ms
	-> t_cpu_avg = 255.589318 ms
	-> t_gpu_avg = 292.027092 ms
	-> t_transfers_avg = 82.173705 ms

|-------------------------------------------|


~~~~~~~~~~~~~~~~~~~~~~~~~~~~~~~~~~~~~~~~~~~~~~~~~~~~~~~~~~~~~~~~~~~~~~~~~~~~~~~~

dataset_size = 1024.00 MB    numObjs = 67108864    numCoords = 2    numClusters = 64, block_size = 238


|-----------Transpose GPU Kmeans------------|

t_alloc: 1000.785112 ms

t_alloc_gpu: 1447.046041 ms

t_get_gpu: 297.528028 ms

nloops = 10  : total = 6452.733994 ms
	-> t_loop_avg = 645.273399 ms
	-> t_loop_min = 584.691048 ms
	-> t_loop_max = 785.248995 ms
	-> t_cpu_avg = 254.787564 ms
	-> t_gpu_avg = 308.340931 ms
	-> t_transfers_avg = 82.139444 ms

|-------------------------------------------|


~~~~~~~~~~~~~~~~~~~~~~~~~~~~~~~~~~~~~~~~~~~~~~~~~~~~~~~~~~~~~~~~~~~~~~~~~~~~~~~~

dataset_size = 1024.00 MB    numObjs = 67108864    numCoords = 2    numClusters = 64, block_size = 512


|-----------Transpose GPU Kmeans------------|

t_alloc: 1004.294157 ms

t_alloc_gpu: 1453.881979 ms

t_get_gpu: 298.673868 ms

nloops = 10  : total = 6333.521128 ms
	-> t_loop_avg = 633.352113 ms
	-> t_loop_min = 564.252138 ms
	-> t_loop_max = 748.939991 ms
	-> t_cpu_avg = 261.795139 ms
	-> t_gpu_avg = 287.728500 ms
	-> t_transfers_avg = 83.822179 ms

|-------------------------------------------|


~~~~~~~~~~~~~~~~~~~~~~~~~~~~~~~~~~~~~~~~~~~~~~~~~~~~~~~~~~~~~~~~~~~~~~~~~~~~~~~~

dataset_size = 1024.00 MB    numObjs = 67108864    numCoords = 2    numClusters = 64, block_size = 1024


|-----------Transpose GPU Kmeans------------|

t_alloc: 997.556925 ms

t_alloc_gpu: 1452.033997 ms

t_get_gpu: 296.986103 ms

nloops = 10  : total = 6663.139820 ms
	-> t_loop_avg = 666.313982 ms
	-> t_loop_min = 595.764875 ms
	-> t_loop_max = 800.159931 ms
	-> t_cpu_avg = 271.219850 ms
	-> t_gpu_avg = 318.993974 ms
	-> t_transfers_avg = 76.094699 ms

|-------------------------------------------|


~~~~~~~~~~~~~~~~~~~~~~~~~~~~~~~~~~~~~~~~~~~~~~~~~~~~~~~~~~~~~~~~~~~~~~~~~~~~~~~~

dataset_size = 1024.00 MB    numObjs = 67108864    numCoords = 2    numClusters = 64, block_size = 32


|-----------Shared GPU Kmeans------------|

t_alloc: 1004.523039 ms

t_alloc_gpu: 1453.032970 ms

t_get_gpu: 298.891068 ms

nloops = 10  : total = 6218.852043 ms
	-> t_loop_avg = 621.885204 ms
	-> t_loop_min = 560.712099 ms
	-> t_loop_max = 762.739182 ms
	-> t_cpu_avg = 219.997716 ms
	-> t_gpu_avg = 317.992878 ms
	-> t_transfers_avg = 83.889723 ms

|-------------------------------------------|


~~~~~~~~~~~~~~~~~~~~~~~~~~~~~~~~~~~~~~~~~~~~~~~~~~~~~~~~~~~~~~~~~~~~~~~~~~~~~~~~

dataset_size = 1024.00 MB    numObjs = 67108864    numCoords = 2    numClusters = 64, block_size = 48


|-----------Shared GPU Kmeans------------|

t_alloc: 996.331930 ms

t_alloc_gpu: 1444.426060 ms

t_get_gpu: 296.962023 ms

nloops = 10  : total = 7329.905033 ms
	-> t_loop_avg = 732.990503 ms
	-> t_loop_min = 655.169010 ms
	-> t_loop_max = 909.451962 ms
	-> t_cpu_avg = 232.047987 ms
	-> t_gpu_avg = 417.183328 ms
	-> t_transfers_avg = 83.753705 ms

|-------------------------------------------|


~~~~~~~~~~~~~~~~~~~~~~~~~~~~~~~~~~~~~~~~~~~~~~~~~~~~~~~~~~~~~~~~~~~~~~~~~~~~~~~~

dataset_size = 1024.00 MB    numObjs = 67108864    numCoords = 2    numClusters = 64, block_size = 64


|-----------Shared GPU Kmeans------------|

t_alloc: 1005.796909 ms

t_alloc_gpu: 1427.629232 ms

t_get_gpu: 302.804947 ms

nloops = 10  : total = 5736.988068 ms
	-> t_loop_avg = 573.698807 ms
	-> t_loop_min = 551.918983 ms
	-> t_loop_max = 754.378080 ms
	-> t_cpu_avg = 191.787887 ms
	-> t_gpu_avg = 308.807182 ms
	-> t_transfers_avg = 73.097515 ms

|-------------------------------------------|


~~~~~~~~~~~~~~~~~~~~~~~~~~~~~~~~~~~~~~~~~~~~~~~~~~~~~~~~~~~~~~~~~~~~~~~~~~~~~~~~

dataset_size = 1024.00 MB    numObjs = 67108864    numCoords = 2    numClusters = 64, block_size = 128


|-----------Shared GPU Kmeans------------|

t_alloc: 1001.612902 ms

t_alloc_gpu: 1454.370022 ms

t_get_gpu: 296.956062 ms

nloops = 10  : total = 6062.508821 ms
	-> t_loop_avg = 606.250882 ms
	-> t_loop_min = 551.295042 ms
	-> t_loop_max = 752.059937 ms
	-> t_cpu_avg = 213.679457 ms
	-> t_gpu_avg = 309.131980 ms
	-> t_transfers_avg = 83.434010 ms

|-------------------------------------------|


~~~~~~~~~~~~~~~~~~~~~~~~~~~~~~~~~~~~~~~~~~~~~~~~~~~~~~~~~~~~~~~~~~~~~~~~~~~~~~~~

dataset_size = 1024.00 MB    numObjs = 67108864    numCoords = 2    numClusters = 64, block_size = 238


|-----------Shared GPU Kmeans------------|

t_alloc: 1006.428003 ms

t_alloc_gpu: 1455.166101 ms

t_get_gpu: 299.099922 ms

nloops = 10  : total = 6534.784079 ms
	-> t_loop_avg = 653.478408 ms
	-> t_loop_min = 579.877138 ms
	-> t_loop_max = 789.901018 ms
	-> t_cpu_avg = 225.175476 ms
	-> t_gpu_avg = 334.826827 ms
	-> t_transfers_avg = 93.470335 ms

|-------------------------------------------|


~~~~~~~~~~~~~~~~~~~~~~~~~~~~~~~~~~~~~~~~~~~~~~~~~~~~~~~~~~~~~~~~~~~~~~~~~~~~~~~~

dataset_size = 1024.00 MB    numObjs = 67108864    numCoords = 2    numClusters = 64, block_size = 512


|-----------Shared GPU Kmeans------------|

t_alloc: 1001.064062 ms

t_alloc_gpu: 1435.382843 ms

t_get_gpu: 297.328234 ms

nloops = 10  : total = 6155.862093 ms
	-> t_loop_avg = 615.586209 ms
	-> t_loop_min = 556.363821 ms
	-> t_loop_max = 759.821177 ms
	-> t_cpu_avg = 220.606589 ms
	-> t_gpu_avg = 311.448121 ms
	-> t_transfers_avg = 83.526468 ms

|-------------------------------------------|


~~~~~~~~~~~~~~~~~~~~~~~~~~~~~~~~~~~~~~~~~~~~~~~~~~~~~~~~~~~~~~~~~~~~~~~~~~~~~~~~

dataset_size = 1024.00 MB    numObjs = 67108864    numCoords = 2    numClusters = 64, block_size = 1024


|-----------Shared GPU Kmeans------------|

t_alloc: 1007.090092 ms

t_alloc_gpu: 1452.592134 ms

t_get_gpu: 299.022913 ms

nloops = 10  : total = 6238.475084 ms
	-> t_loop_avg = 623.847508 ms
	-> t_loop_min = 557.732821 ms
	-> t_loop_max = 804.570913 ms
	-> t_cpu_avg = 223.626113 ms
	-> t_gpu_avg = 316.639996 ms
	-> t_transfers_avg = 83.576274 ms

|-------------------------------------------|

