
~~~~~~~~~~~~~~~~~~~~~~~~~~~~~~~~~~~~~~~~~~~~~~~~~~~~~~~~~~~~~~~~~~~~~~~~~~~~~~~~

dataset_size = 1024.00 MB    numObjs = 4194304    numCoords = 32    numClusters = 64, block_size = 32


|-----------Full-offload GPU Kmeans------------|

t_alloc: 1121.166945 ms

t_alloc_gpu: 1351.202965 ms

t_get_gpu: 335.444927 ms

nloops = 1  : total = 356.638908 ms
	-> t_loop_avg = 356.638908 ms
	-> t_loop_min = 346.136808 ms
	-> t_loop_max = 346.136808 ms
	-> t_cpu_avg = 0.000000 ms
	-> t_gpu_avg = 346.101999 ms
	-> t_transfers_avg = 0.019073 ms

|-------------------------------------------|


~~~~~~~~~~~~~~~~~~~~~~~~~~~~~~~~~~~~~~~~~~~~~~~~~~~~~~~~~~~~~~~~~~~~~~~~~~~~~~~~

dataset_size = 1024.00 MB    numObjs = 4194304    numCoords = 32    numClusters = 64, block_size = 48


|-----------Full-offload GPU Kmeans------------|

t_alloc: 1124.092102 ms

t_alloc_gpu: 1326.992035 ms

t_get_gpu: 339.423180 ms

nloops = 1  : total = 393.470049 ms
	-> t_loop_avg = 393.470049 ms
	-> t_loop_min = 382.929087 ms
	-> t_loop_max = 382.929087 ms
	-> t_cpu_avg = 0.000000 ms
	-> t_gpu_avg = 382.891893 ms
	-> t_transfers_avg = 0.020981 ms

|-------------------------------------------|


~~~~~~~~~~~~~~~~~~~~~~~~~~~~~~~~~~~~~~~~~~~~~~~~~~~~~~~~~~~~~~~~~~~~~~~~~~~~~~~~

dataset_size = 1024.00 MB    numObjs = 4194304    numCoords = 32    numClusters = 64, block_size = 64


|-----------Full-offload GPU Kmeans------------|

t_alloc: 1121.320009 ms

t_alloc_gpu: 1317.100048 ms

t_get_gpu: 337.445021 ms

nloops = 1  : total = 255.384922 ms
	-> t_loop_avg = 255.384922 ms
	-> t_loop_min = 244.865894 ms
	-> t_loop_max = 244.865894 ms
	-> t_cpu_avg = 0.000000 ms
	-> t_gpu_avg = 244.827986 ms
	-> t_transfers_avg = 0.019073 ms

|-------------------------------------------|


~~~~~~~~~~~~~~~~~~~~~~~~~~~~~~~~~~~~~~~~~~~~~~~~~~~~~~~~~~~~~~~~~~~~~~~~~~~~~~~~

dataset_size = 1024.00 MB    numObjs = 4194304    numCoords = 32    numClusters = 64, block_size = 128


|-----------Full-offload GPU Kmeans------------|

t_alloc: 1125.732899 ms

t_alloc_gpu: 1333.456993 ms

t_get_gpu: 339.903116 ms

nloops = 1  : total = 248.827934 ms
	-> t_loop_avg = 248.827934 ms
	-> t_loop_min = 238.279104 ms
	-> t_loop_max = 238.279104 ms
	-> t_cpu_avg = 0.000000 ms
	-> t_gpu_avg = 238.242865 ms
	-> t_transfers_avg = 0.020027 ms

|-------------------------------------------|


~~~~~~~~~~~~~~~~~~~~~~~~~~~~~~~~~~~~~~~~~~~~~~~~~~~~~~~~~~~~~~~~~~~~~~~~~~~~~~~~

dataset_size = 1024.00 MB    numObjs = 4194304    numCoords = 32    numClusters = 64, block_size = 238


|-----------Full-offload GPU Kmeans------------|

t_alloc: 1117.174149 ms

t_alloc_gpu: 1300.973177 ms

t_get_gpu: 334.172964 ms

nloops = 1  : total = 266.438007 ms
	-> t_loop_avg = 266.438007 ms
	-> t_loop_min = 255.929232 ms
	-> t_loop_max = 255.929232 ms
	-> t_cpu_avg = 0.000000 ms
	-> t_gpu_avg = 255.891800 ms
	-> t_transfers_avg = 0.019073 ms

|-------------------------------------------|


~~~~~~~~~~~~~~~~~~~~~~~~~~~~~~~~~~~~~~~~~~~~~~~~~~~~~~~~~~~~~~~~~~~~~~~~~~~~~~~~

dataset_size = 1024.00 MB    numObjs = 4194304    numCoords = 32    numClusters = 64, block_size = 512


|-----------Full-offload GPU Kmeans------------|

t_alloc: 1124.223948 ms

t_alloc_gpu: 1317.226887 ms

t_get_gpu: 339.584112 ms

nloops = 1  : total = 248.245001 ms
	-> t_loop_avg = 248.245001 ms
	-> t_loop_min = 237.694979 ms
	-> t_loop_max = 237.694979 ms
	-> t_cpu_avg = 0.000000 ms
	-> t_gpu_avg = 237.657070 ms
	-> t_transfers_avg = 0.019073 ms

|-------------------------------------------|


~~~~~~~~~~~~~~~~~~~~~~~~~~~~~~~~~~~~~~~~~~~~~~~~~~~~~~~~~~~~~~~~~~~~~~~~~~~~~~~~

dataset_size = 1024.00 MB    numObjs = 4194304    numCoords = 32    numClusters = 64, block_size = 1024


|-----------Full-offload GPU Kmeans------------|

t_alloc: 1121.758223 ms

t_alloc_gpu: 1328.781128 ms

t_get_gpu: 335.505009 ms

nloops = 1  : total = 248.538017 ms
	-> t_loop_avg = 248.538017 ms
	-> t_loop_min = 238.120079 ms
	-> t_loop_max = 238.120079 ms
	-> t_cpu_avg = 0.000000 ms
	-> t_gpu_avg = 238.082886 ms
	-> t_transfers_avg = 0.020027 ms

|-------------------------------------------|

