
~~~~~~~~~~~~~~~~~~~~~~~~~~~~~~~~~~~~~~~~~~~~~~~~~~~~~~~~~~~~~~~~~~~~~~~~~~~~~~~~

dataset_size = 1024.00 MB    numObjs = 67108864    numCoords = 2    numClusters = 64, block_size = 32


|-----------Full-offload GPU Kmeans------------|

t_alloc: 1064.735174 ms

t_alloc_gpu: 1523.664951 ms

t_get_gpu: 401.756048 ms

nloops = 1  : total = 610.973835 ms
	-> t_loop_avg = 610.973835 ms
	-> t_loop_min = 368.976831 ms
	-> t_loop_max = 368.976831 ms
	-> t_cpu_avg = 0.000000 ms
	-> t_gpu_avg = 368.850946 ms
	-> t_transfers_avg = 0.035048 ms

|-------------------------------------------|


~~~~~~~~~~~~~~~~~~~~~~~~~~~~~~~~~~~~~~~~~~~~~~~~~~~~~~~~~~~~~~~~~~~~~~~~~~~~~~~~

dataset_size = 1024.00 MB    numObjs = 67108864    numCoords = 2    numClusters = 64, block_size = 48


|-----------Full-offload GPU Kmeans------------|

t_alloc: 1052.217960 ms

t_alloc_gpu: 1519.336939 ms

t_get_gpu: 392.888069 ms

nloops = 1  : total = 713.165998 ms
	-> t_loop_avg = 713.165998 ms
	-> t_loop_min = 473.504066 ms
	-> t_loop_max = 473.504066 ms
	-> t_cpu_avg = 0.000000 ms
	-> t_gpu_avg = 473.416090 ms
	-> t_transfers_avg = 0.072956 ms

|-------------------------------------------|


~~~~~~~~~~~~~~~~~~~~~~~~~~~~~~~~~~~~~~~~~~~~~~~~~~~~~~~~~~~~~~~~~~~~~~~~~~~~~~~~

dataset_size = 1024.00 MB    numObjs = 67108864    numCoords = 2    numClusters = 64, block_size = 64


|-----------Full-offload GPU Kmeans------------|

t_alloc: 1061.275959 ms

t_alloc_gpu: 1489.804983 ms

t_get_gpu: 398.142099 ms

nloops = 1  : total = 549.250841 ms
	-> t_loop_avg = 549.250841 ms
	-> t_loop_min = 307.087898 ms
	-> t_loop_max = 307.087898 ms
	-> t_cpu_avg = 0.000000 ms
	-> t_gpu_avg = 306.996107 ms
	-> t_transfers_avg = 0.077963 ms

|-------------------------------------------|


~~~~~~~~~~~~~~~~~~~~~~~~~~~~~~~~~~~~~~~~~~~~~~~~~~~~~~~~~~~~~~~~~~~~~~~~~~~~~~~~

dataset_size = 1024.00 MB    numObjs = 67108864    numCoords = 2    numClusters = 64, block_size = 128


|-----------Full-offload GPU Kmeans------------|

t_alloc: 1049.312830 ms

t_alloc_gpu: 1525.112152 ms

t_get_gpu: 392.342091 ms

nloops = 1  : total = 547.531128 ms
	-> t_loop_avg = 547.531128 ms
	-> t_loop_min = 306.805134 ms
	-> t_loop_max = 306.805134 ms
	-> t_cpu_avg = 0.000954 ms
	-> t_gpu_avg = 306.712151 ms
	-> t_transfers_avg = 0.077009 ms

|-------------------------------------------|


~~~~~~~~~~~~~~~~~~~~~~~~~~~~~~~~~~~~~~~~~~~~~~~~~~~~~~~~~~~~~~~~~~~~~~~~~~~~~~~~

dataset_size = 1024.00 MB    numObjs = 67108864    numCoords = 2    numClusters = 64, block_size = 238


|-----------Full-offload GPU Kmeans------------|

t_alloc: 1060.858965 ms

t_alloc_gpu: 1494.047165 ms

t_get_gpu: 398.289919 ms

nloops = 1  : total = 572.690964 ms
	-> t_loop_avg = 572.690964 ms
	-> t_loop_min = 329.940081 ms
	-> t_loop_max = 329.940081 ms
	-> t_cpu_avg = 0.000000 ms
	-> t_gpu_avg = 329.849958 ms
	-> t_transfers_avg = 0.076056 ms

|-------------------------------------------|


~~~~~~~~~~~~~~~~~~~~~~~~~~~~~~~~~~~~~~~~~~~~~~~~~~~~~~~~~~~~~~~~~~~~~~~~~~~~~~~~

dataset_size = 1024.00 MB    numObjs = 67108864    numCoords = 2    numClusters = 64, block_size = 512


|-----------Full-offload GPU Kmeans------------|

t_alloc: 1047.749996 ms

t_alloc_gpu: 1541.538954 ms

t_get_gpu: 392.692804 ms

nloops = 1  : total = 564.804077 ms
	-> t_loop_avg = 564.804077 ms
	-> t_loop_min = 307.565928 ms
	-> t_loop_max = 307.565928 ms
	-> t_cpu_avg = 0.000000 ms
	-> t_gpu_avg = 307.476759 ms
	-> t_transfers_avg = 0.074148 ms

|-------------------------------------------|


~~~~~~~~~~~~~~~~~~~~~~~~~~~~~~~~~~~~~~~~~~~~~~~~~~~~~~~~~~~~~~~~~~~~~~~~~~~~~~~~

dataset_size = 1024.00 MB    numObjs = 67108864    numCoords = 2    numClusters = 64, block_size = 1024


|-----------Full-offload GPU Kmeans------------|

t_alloc: 1063.253880 ms

t_alloc_gpu: 1512.542963 ms

t_get_gpu: 409.745216 ms

nloops = 1  : total = 554.054022 ms
	-> t_loop_avg = 554.054022 ms
	-> t_loop_min = 311.666965 ms
	-> t_loop_max = 311.666965 ms
	-> t_cpu_avg = 0.000000 ms
	-> t_gpu_avg = 311.576843 ms
	-> t_transfers_avg = 0.074148 ms

|-------------------------------------------|

