Jacobi_mpi.c: In function 'main':
Jacobi_mpi.c:26:57: warning: unused variable 'tconvf' [-Wunused-variable]
     struct timeval tts,ttf,tcs,tcf, tcms, tcmf, tconvs, tconvf;   //Timers: total-> tts,ttf, computation -> tcs,tcf
                                                         ^
Jacobi_mpi.c:26:49: warning: unused variable 'tconvs' [-Wunused-variable]
     struct timeval tts,ttf,tcs,tcf, tcms, tcmf, tconvs, tconvf;   //Timers: total-> tts,ttf, computation -> tcs,tcf
                                                 ^
Jacobi_mpi.c:24:12: warning: variable 'omega' set but not used [-Wunused-but-set-variable]
     double omega;    //relaxation factor - useless for Jacobi
            ^
Jacobi_mpi.c:22:28: warning: unused variable 'converged' [-Wunused-variable]
     int global_converged=0,converged=0; //flags for convergence, global and per process
                            ^
Jacobi_mpi.c:22:9: warning: unused variable 'global_converged' [-Wunused-variable]
     int global_converged=0,converged=0; //flags for convergence, global and per process
         ^
Jacobi_mpi.c:311:8: warning: 'scattercounts' may be used uninitialized in this function [-Wmaybe-uninitialized]
        MPI_Gatherv(&(u_current[1][1]), 1, local_block,rank == 0? &U[0][0]: NULL, scattercounts, scatteroffset, global_block, 0, MPI_COMM_WORLD);
        ^
Jacobi_mpi.c:311:8: warning: 'scatteroffset' may be used uninitialized in this function [-Wmaybe-uninitialized]
Jacobi_mpi.c:126:5: warning: 'U' may be used uninitialized in this function [-Wmaybe-uninitialized]
     MPI_Scatterv(rank==0? &U[0][0]:NULL, scattercounts, scatteroffset, global_block, &(u_previous[1][1]), 1, local_block, 0, MPI_COMM_WORLD);
     ^
RedBlackSOR_mpi.c: In function 'main':
RedBlackSOR_mpi.c:35:57: warning: unused variable 'tconvf' [-Wunused-variable]
     struct timeval tts,ttf,tcs,tcf, tcms, tcmf, tconvs, tconvf;   //Timers: total-> tts,ttf, computation -> tcs,tcf
                                                         ^
RedBlackSOR_mpi.c:35:49: warning: unused variable 'tconvs' [-Wunused-variable]
     struct timeval tts,ttf,tcs,tcf, tcms, tcmf, tconvs, tconvf;   //Timers: total-> tts,ttf, computation -> tcs,tcf
                                                 ^
RedBlackSOR_mpi.c:31:28: warning: unused variable 'converged' [-Wunused-variable]
     int global_converged=0,converged=0; //flags for convergence, global and per process
                            ^
RedBlackSOR_mpi.c:31:9: warning: unused variable 'global_converged' [-Wunused-variable]
     int global_converged=0,converged=0; //flags for convergence, global and per process
         ^
RedBlackSOR_mpi.c:356:8: warning: 'scattercounts' may be used uninitialized in this function [-Wmaybe-uninitialized]
        MPI_Gatherv(&(u_current[1][1]), 1, local_block,rank == 0 ? &U[0][0]: NULL, scattercounts, scatteroffset, global_block, 0, MPI_COMM_WORLD);
        ^
RedBlackSOR_mpi.c:356:8: warning: 'scatteroffset' may be used uninitialized in this function [-Wmaybe-uninitialized]
RedBlackSOR_mpi.c:136:5: warning: 'U' may be used uninitialized in this function [-Wmaybe-uninitialized]
     MPI_Scatterv(rank == 0? &U[0][0]: NULL, scattercounts, scatteroffset, global_block, &(u_previous[1][1]), 1, local_block, 0, MPI_COMM_WORLD);
     ^
GaussSeidelSOR_mpi.c: In function 'main':
GaussSeidelSOR_mpi.c:25:57: warning: unused variable 'tconvf' [-Wunused-variable]
     struct timeval tts,ttf,tcs,tcf, tcms, tcmf, tconvs, tconvf;   //Timers: total-> tts,ttf, computation -> tcs,tcf
                                                         ^
GaussSeidelSOR_mpi.c:25:49: warning: unused variable 'tconvs' [-Wunused-variable]
     struct timeval tts,ttf,tcs,tcf, tcms, tcmf, tconvs, tconvf;   //Timers: total-> tts,ttf, computation -> tcs,tcf
                                                 ^
GaussSeidelSOR_mpi.c:21:28: warning: unused variable 'converged' [-Wunused-variable]
     int global_converged=0,converged=0; //flags for convergence, global and per process
                            ^
GaussSeidelSOR_mpi.c:21:9: warning: unused variable 'global_converged' [-Wunused-variable]
     int global_converged=0,converged=0; //flags for convergence, global and per process
         ^
GaussSeidelSOR_mpi.c:310:8: warning: 'scattercounts' may be used uninitialized in this function [-Wmaybe-uninitialized]
        MPI_Gatherv(&(u_current[1][1]), 1, local_block,rank == 0 ? &U[0][0]: NULL, scattercounts, scatteroffset, global_block, 0, MPI_COMM_WORLD);
        ^
GaussSeidelSOR_mpi.c:310:8: warning: 'scatteroffset' may be used uninitialized in this function [-Wmaybe-uninitialized]
GaussSeidelSOR_mpi.c:126:5: warning: 'U' may be used uninitialized in this function [-Wmaybe-uninitialized]
     MPI_Scatterv(rank == 0? &U[0][0]: NULL, scattercounts, scatteroffset, global_block, &(u_previous[1][1]), 1, local_block, 0, MPI_COMM_WORLD);
     ^
